# JRE version: OpenJDK Runtime Environment (8.0_212-b04) (build 1.8.0_212-release-1586-b04)
# Java VM: OpenJDK 64-Bit Server VM (25.212-b04 mixed mode windows-amd64 compressed oops)
Heap:
 PSYoungGen      total 197632K, used 36835K [0x00000000e0000000, 0x00000000ef500000, 0x0000000100000000)
  eden space 145408K, 4% used [0x00000000e0000000,0x00000000e05ea098,0x00000000e8e00000)
  from space 52224K, 58% used [0x00000000ec100000,0x00000000edf0ed28,0x00000000ef400000)
  to   space 52224K, 0% used [0x00000000e8e00000,0x00000000e8e00000,0x00000000ec100000)
 ParOldGen       total 304128K, used 53088K [0x00000000a0000000, 0x00000000b2900000, 0x00000000e0000000)
  object space 304128K, 17% used [0x00000000a0000000,0x00000000a33d8318,0x00000000b2900000)
 Metaspace       used 105163K, capacity 112954K, committed 113112K, reserved 1146880K
  class space    used 13411K, capacity 14786K, committed 14808K, reserved 1048576K
GC Heap History (10 events):
Event: 7113.436 GC heap before
{Heap before GC invocations=54 (full 4):
 PSYoungGen      total 152064K, used 148724K [0x00000000e0000000, 0x00000000ebf80000, 0x0000000100000000)
  eden space 121344K, 100% used [0x00000000e0000000,0x00000000e7680000,0x00000000e7680000)
  from space 30720K, 89% used [0x00000000e7680000,0x00000000e913d1a8,0x00000000e9480000)
  to   space 33792K, 0% used [0x00000000e9e80000,0x00000000e9e80000,0x00000000ebf80000)
 ParOldGen       total 304128K, used 46381K [0x00000000a0000000, 0x00000000b2900000, 0x00000000e0000000)
  object space 304128K, 15% used [0x00000000a0000000,0x00000000a2d4b548,0x00000000b2900000)
 Metaspace       used 104172K, capacity 111852K, committed 111960K, reserved 1146880K
  class space    used 13280K, capacity 14645K, committed 14680K, reserved 1048576K
Event: 7113.472 GC heap after
Heap after GC invocations=54 (full 4):
 PSYoungGen      total 156160K, used 33769K [0x00000000e0000000, 0x00000000ecd00000, 0x0000000100000000)
  eden space 122368K, 0% used [0x00000000e0000000,0x00000000e0000000,0x00000000e7780000)
  from space 33792K, 99% used [0x00000000e9e80000,0x00000000ebf7a468,0x00000000ebf80000)
  to   space 39936K, 0% used [0x00000000e7780000,0x00000000e7780000,0x00000000e9e80000)
 ParOldGen       total 304128K, used 50264K [0x00000000a0000000, 0x00000000b2900000, 0x00000000e0000000)
  object space 304128K, 16% used [0x00000000a0000000,0x00000000a31162b8,0x00000000b2900000)
 Metaspace       used 104172K, capacity 111852K, committed 111960K, reserved 1146880K
  class space    used 13280K, capacity 14645K, committed 14680K, reserved 1048576K
}
Event: 7114.039 GC heap before
{Heap before GC invocations=55 (full 4):
 PSYoungGen      total 156160K, used 156137K [0x00000000e0000000, 0x00000000ecd00000, 0x0000000100000000)
  eden space 122368K, 100% used [0x00000000e0000000,0x00000000e7780000,0x00000000e7780000)
  from space 33792K, 99% used [0x00000000e9e80000,0x00000000ebf7a468,0x00000000ebf80000)
  to   space 39936K, 0% used [0x00000000e7780000,0x00000000e7780000,0x00000000e9e80000)
 ParOldGen       total 304128K, used 50441K [0x00000000a0000000, 0x00000000b2900000, 0x00000000e0000000)
  object space 304128K, 16% used [0x00000000a0000000,0x00000000a3142580,0x00000000b2900000)
 Metaspace       used 104665K, capacity 112352K, committed 112600K, reserved 1146880K
  class space    used 13337K, capacity 14689K, committed 14808K, reserved 1048576K
Event: 7114.064 GC heap after
Heap after GC invocations=55 (full 4):
 PSYoungGen      total 162304K, used 38487K [0x00000000e0000000, 0x00000000edb00000, 0x0000000100000000)
  eden space 122368K, 0% used [0x00000000e0000000,0x00000000e0000000,0x00000000e7780000)
  from space 39936K, 96% used [0x00000000e7780000,0x00000000e9d15f88,0x00000000e9e80000)
  to   space 45056K, 0% used [0x00000000eaf00000,0x00000000eaf00000,0x00000000edb00000)
 ParOldGen       total 304128K, used 50449K [0x00000000a0000000, 0x00000000b2900000, 0x00000000e0000000)
  object space 304128K, 16% used [0x00000000a0000000,0x00000000a3144580,0x00000000b2900000)
 Metaspace       used 104665K, capacity 112352K, committed 112600K, reserved 1146880K
  class space    used 13337K, capacity 14689K, committed 14808K, reserved 1048576K
}
Event: 7114.383 GC heap before
{Heap before GC invocations=56 (full 4):
 PSYoungGen      total 162304K, used 160855K [0x00000000e0000000, 0x00000000edb00000, 0x0000000100000000)
  eden space 122368K, 100% used [0x00000000e0000000,0x00000000e7780000,0x00000000e7780000)
  from space 39936K, 96% used [0x00000000e7780000,0x00000000e9d15f88,0x00000000e9e80000)
  to   space 45056K, 0% used [0x00000000eaf00000,0x00000000eaf00000,0x00000000edb00000)
 ParOldGen       total 304128K, used 50449K [0x00000000a0000000, 0x00000000b2900000, 0x00000000e0000000)
  object space 304128K, 16% used [0x00000000a0000000,0x00000000a3144580,0x00000000b2900000)
 Metaspace       used 104958K, capacity 112690K, committed 112856K, reserved 1146880K
  class space    used 13391K, capacity 14774K, committed 14808K, reserved 1048576K
Event: 7114.416 GC heap after
Heap after GC invocations=56 (full 4):
 PSYoungGen      total 174080K, used 40694K [0x00000000e0000000, 0x00000000ee900000, 0x0000000100000000)
  eden space 129024K, 0% used [0x00000000e0000000,0x00000000e0000000,0x00000000e7e00000)
  from space 45056K, 90% used [0x00000000eaf00000,0x00000000ed6bd860,0x00000000edb00000)
  to   space 50176K, 0% used [0x00000000e7e00000,0x00000000e7e00000,0x00000000eaf00000)
 ParOldGen       total 304128K, used 50449K [0x00000000a0000000, 0x00000000b2900000, 0x00000000e0000000)
  object space 304128K, 16% used [0x00000000a0000000,0x00000000a3144580,0x00000000b2900000)
 Metaspace       used 104958K, capacity 112690K, committed 112856K, reserved 1146880K
  class space    used 13391K, capacity 14774K, committed 14808K, reserved 1048576K
}
Event: 7114.934 GC heap before
{Heap before GC invocations=57 (full 4):
 PSYoungGen      total 174080K, used 169718K [0x00000000e0000000, 0x00000000ee900000, 0x0000000100000000)
  eden space 129024K, 100% used [0x00000000e0000000,0x00000000e7e00000,0x00000000e7e00000)
  from space 45056K, 90% used [0x00000000eaf00000,0x00000000ed6bd860,0x00000000edb00000)
  to   space 50176K, 0% used [0x00000000e7e00000,0x00000000e7e00000,0x00000000eaf00000)
 ParOldGen       total 304128K, used 50449K [0x00000000a0000000, 0x00000000b2900000, 0x00000000e0000000)
  object space 304128K, 16% used [0x00000000a0000000,0x00000000a3144580,0x00000000b2900000)
 Metaspace       used 105056K, capacity 112868K, committed 113112K, reserved 1146880K
  class space    used 13395K, capacity 14781K, committed 14808K, reserved 1048576K
Event: 7114.957 GC heap after
Heap after GC invocations=57 (full 4):
 PSYoungGen      total 179200K, used 35547K [0x00000000e0000000, 0x00000000ef400000, 0x0000000100000000)
  eden space 129024K, 0% used [0x00000000e0000000,0x00000000e0000000,0x00000000e7e00000)
  from space 50176K, 70% used [0x00000000e7e00000,0x00000000ea0b6fe8,0x00000000eaf00000)
  to   space 52224K, 0% used [0x00000000ec100000,0x00000000ec100000,0x00000000ef400000)
 ParOldGen       total 304128K, used 50457K [0x00000000a0000000, 0x00000000b2900000, 0x00000000e0000000)
  object space 304128K, 16% used [0x00000000a0000000,0x00000000a3146580,0x00000000b2900000)
 Metaspace       used 105056K, capacity 112868K, committed 113112K, reserved 1146880K
  class space    used 13395K, capacity 14781K, committed 14808K, reserved 1048576K
}
Event: 7115.783 GC heap before
{Heap before GC invocations=58 (full 4):
 PSYoungGen      total 179200K, used 164571K [0x00000000e0000000, 0x00000000ef400000, 0x0000000100000000)
  eden space 129024K, 100% used [0x00000000e0000000,0x00000000e7e00000,0x00000000e7e00000)
  from space 50176K, 70% used [0x00000000e7e00000,0x00000000ea0b6fe8,0x00000000eaf00000)
  to   space 52224K, 0% used [0x00000000ec100000,0x00000000ec100000,0x00000000ef400000)
 ParOldGen       total 304128K, used 50457K [0x00000000a0000000, 0x00000000b2900000, 0x00000000e0000000)
  object space 304128K, 16% used [0x00000000a0000000,0x00000000a3146580,0x00000000b2900000)
 Metaspace       used 105157K, capacity 112954K, committed 113112K, reserved 1146880K
  class space    used 13411K, capacity 14786K, committed 14808K, reserved 1048576K
Event: 7115.839 GC heap after
Heap after GC invocations=58 (full 4):
 PSYoungGen      total 197632K, used 30779K [0x00000000e0000000, 0x00000000ef500000, 0x0000000100000000)
  eden space 145408K, 0% used [0x00000000e0000000,0x00000000e0000000,0x00000000e8e00000)
  from space 52224K, 58% used [0x00000000ec100000,0x00000000edf0ed28,0x00000000ef400000)
  to   space 52224K, 0% used [0x00000000e8e00000,0x00000000e8e00000,0x00000000ec100000)
 ParOldGen       total 304128K, used 53088K [0x00000000a0000000, 0x00000000b2900000, 0x00000000e0000000)
  object space 304128K, 17% used [0x00000000a0000000,0x00000000a33d8318,0x00000000b2900000)
 Metaspace       used 105157K, capacity 112954K, committed 113112K, reserved 1146880K
  class space    used 13411K, capacity 14786K, committed 14808K, reserved 1048576K
}

